MODE Solutions Version 7.12.1661 (Windows 64bit)
 expires (month/day/year): 12/16/2018
using config file: C:/Users/suman/AppData/Roaming/Lumerical/MODE Solutions.ini
license host: DESKTOP-7L2UBNR
current time: Sat Oct 06 16:48:36 2018
Running on host: DESKTOP-7L2UBNR
All processes are communicating and ready to proceed to simulation...
Running lms file: C:\Program Files\Lumerical\MODE\bin\varfdtd-engine-msmpi.exe -t 1 -remote C:/Users/suman/Downloads/Questions/compact_Ybranch_varFDTD_port3.lms
number of processors is 4
processors are distributed as: 2x2x1
Running TE Simulation
Starting meshing
Simulation size in gridpoints: 345 x 183 x 1
Refined 0 mesh cells (0%)
Completed meshing!
Meshing complete in 0.515625 seconds of CPU time
11616 11616
Starting meshing
Simulation size in gridpoints: 345 x 183 x 1
Refined 0 mesh cells (0%)
Completed meshing!
Meshing complete in 0.484375 seconds of CPU time
11168 11168
finished material properties
Selected kernel with optimization level: 0 and split-field propagation direction: 0
-----------------------------------------
Beginning initialization of TE Simulation
Starting to add sources to simulation
Adding TE Mode Source propagating in X
Starting to add boundary conditions to simulation
Adding TE PML BC
Adding TE parallel BC
Adding TE PML BC
Adding TE parallel BC
Starting to add monitors to Simulation
Adding analysis monitor
Adding TE DFT monitor
Adding TE DFT monitor
Adding TE DFT monitor
Finished initialization of TE Simulation
-----------------------------------------
All processes are communicating and ready to proceed to simulation...
Starting 38486 total iterations
0% complete. Max time remaining: 1 min, 18 secs. Auto Shutoff: 1
1% complete. Max time remaining: 1 min, 6 secs. Auto Shutoff: 1
3% complete. Max time remaining: 1 min, 8 secs. Auto Shutoff: 1
5% complete. Max time remaining: 1 min, 14 secs. Auto Shutoff: 1
7% complete. Max time remaining: 1 min, 14 secs. Auto Shutoff: 1
8% complete. Max time remaining: 1 min, 11 secs. Auto Shutoff: 1
11% complete. Max time remaining: 1 min, 7 secs. Auto Shutoff: 1
13% complete. Max time remaining: 59 secs. Auto Shutoff: 1.00042
16% complete. Max time remaining: 59 secs. Auto Shutoff: 0.991957
17% complete. Max time remaining: 59 secs. Auto Shutoff: 0.182776
19% complete. Max time remaining: 58 secs. Auto Shutoff: 0.0209823
20% complete. Max time remaining: 57 secs. Auto Shutoff: 0.0109849
23% complete. Max time remaining: 57 secs. Auto Shutoff: 0.00391459
24% complete. Max time remaining: 56 secs. Auto Shutoff: 0.000854162
26% complete. Max time remaining: 53 secs. Auto Shutoff: 4.93601e-006
Early termination of simulation, the autoshutoff criteria are satisfied.
Completed 10184 iterations, or 5.29235e-013s of Simulation Time
Process 0 starting to collect data
    collecting monitor data
    collecting source data
Finished collecting data
Simulation completed successfully at: Sat Oct 06 16:48:57 2018
Overall wall time measurements in seconds:
    time to mesh and initialize: 1
    time to run FDTD simulation: 20
    time to finalize data and save to files: 0
    FDTD solver speed: 32.1483 Mnodes/s
    total FDTD solver speed on 4 processes: 128.593 Mnodes/s
