MODE Solutions Version 7.12.1661 (Windows 64bit)
 expires (month/day/year): 12/16/2018
using config file: C:/Users/suman/AppData/Roaming/Lumerical/MODE Solutions.ini
license host: DESKTOP-7L2UBNR
current time: Thu Oct 04 21:57:21 2018
Running on host: DESKTOP-7L2UBNR
All processes are communicating and ready to proceed to simulation...
Running lms file: C:\Program Files\Lumerical\MODE\bin\varfdtd-engine-msmpi.exe -t 1 -remote C:/Users/suman/Downloads/compact_Ybranch_varFDTD_port1.lms
number of processors is 4
processors are distributed as: 2x2x1
Running TE Simulation
Starting meshing
Simulation size in gridpoints: 345 x 183 x 1
Refined 0 mesh cells (0%)
Completed meshing!
Meshing complete in 0.453125 seconds of CPU time
11616 11616
Starting meshing
Simulation size in gridpoints: 345 x 183 x 1
Refined 0 mesh cells (0%)
Completed meshing!
Meshing complete in 0.484375 seconds of CPU time
11168 11168
finished material properties
Selected kernel with optimization level: 0 and split-field propagation direction: 0
-----------------------------------------
Beginning initialization of TE Simulation
Starting to add sources to simulation
Adding TE Mode Source propagating in X
Starting to add boundary conditions to simulation
Adding TE PML BC
Adding TE parallel BC
Adding TE PML BC
Adding TE parallel BC
Starting to add monitors to Simulation
Adding analysis monitor
Adding TE DFT monitor
Adding TE DFT monitor
Adding TE DFT monitor
Finished initialization of TE Simulation
-----------------------------------------
All processes are communicating and ready to proceed to simulation...
Starting 38486 total iterations
0% complete. Max time remaining: 3 mins, 14 secs. Auto Shutoff: 1
1% complete. Max time remaining: 3 mins, 14 secs. Auto Shutoff: 1
3% complete. Max time remaining: 3 mins, 18 secs. Auto Shutoff: 1
3% complete. Max time remaining: 3 mins, 14 secs. Auto Shutoff: 1
5% complete. Max time remaining: 3 mins, 5 secs. Auto Shutoff: 1
5% complete. Max time remaining: 2 mins, 58 secs. Auto Shutoff: 1
7% complete. Max time remaining: 2 mins, 56 secs. Auto Shutoff: 1
7% complete. Max time remaining: 2 mins, 56 secs. Auto Shutoff: 1
9% complete. Max time remaining: 2 mins, 55 secs. Auto Shutoff: 1
9% complete. Max time remaining: 2 mins, 56 secs. Auto Shutoff: 1
11% complete. Max time remaining: 2 mins, 51 secs. Auto Shutoff: 1
11% complete. Max time remaining: 2 mins, 49 secs. Auto Shutoff: 1
13% complete. Max time remaining: 2 mins, 47 secs. Auto Shutoff: 0.956249
13% complete. Max time remaining: 2 mins, 46 secs. Auto Shutoff: 0.953945
15% complete. Max time remaining: 2 mins, 42 secs. Auto Shutoff: 0.919071
15% complete. Max time remaining: 2 mins, 42 secs. Auto Shutoff: 0.758376
17% complete. Max time remaining: 2 mins, 40 secs. Auto Shutoff: 0.187342
17% complete. Max time remaining: 2 mins, 38 secs. Auto Shutoff: 0.0622517
19% complete. Max time remaining: 2 mins, 36 secs. Auto Shutoff: 0.00110458
19% complete. Max time remaining: 2 mins, 34 secs. Auto Shutoff: 3.09338e-005
Early termination of simulation, the autoshutoff criteria are satisfied.
Completed 7457 iterations, or 3.8752e-013s of Simulation Time
Process 0 starting to collect data
    collecting monitor data
    collecting source data
Finished collecting data
Simulation completed successfully at: Thu Oct 04 21:57:59 2018
Overall wall time measurements in seconds:
    time to mesh and initialize: 1
    time to run FDTD simulation: 37
    time to finalize data and save to files: 0
    FDTD solver speed: 12.7243 Mnodes/s
    total FDTD solver speed on 4 processes: 50.897 Mnodes/s
