MODE Solutions Version 7.12.1661 (Windows 64bit)
 expires (month/day/year): 12/16/2018
using config file: C:/Users/suman/AppData/Roaming/Lumerical/MODE Solutions.ini
license host: DESKTOP-7L2UBNR
current time: Thu Oct 04 22:30:59 2018
Running on host: DESKTOP-7L2UBNR
All processes are communicating and ready to proceed to simulation...
Running lms file: C:\Program Files\Lumerical\MODE\bin\varfdtd-engine-msmpi.exe -t 1 -remote C:/Users/suman/Downloads/compact_Ybranch_varFDTD_port3.lms
number of processors is 4
processors are distributed as: 2x2x1
Running TE Simulation
Starting meshing
Simulation size in gridpoints: 345 x 183 x 1
Refined 0 mesh cells (0%)
Completed meshing!
Meshing complete in 0.53125 seconds of CPU time
11616 11616
Starting meshing
Simulation size in gridpoints: 345 x 183 x 1
Refined 0 mesh cells (0%)
Completed meshing!
Meshing complete in 0.484375 seconds of CPU time
11168 11168
finished material properties
Selected kernel with optimization level: 0 and split-field propagation direction: 0
-----------------------------------------
Beginning initialization of TE Simulation
Starting to add sources to simulation
Adding TE Mode Source propagating in X
Starting to add boundary conditions to simulation
Adding TE PML BC
Adding TE parallel BC
Adding TE PML BC
Adding TE parallel BC
Starting to add monitors to Simulation
Adding analysis monitor
Adding TE DFT monitor
Adding TE DFT monitor
Adding TE DFT monitor
Finished initialization of TE Simulation
-----------------------------------------
All processes are communicating and ready to proceed to simulation...
Starting 38486 total iterations
0% complete. Max time remaining: 2 mins, 12 secs. Auto Shutoff: 1
1% complete. Max time remaining: 2 mins, 35 secs. Auto Shutoff: 1
3% complete. Max time remaining: 2 mins, 58 secs. Auto Shutoff: 1
3% complete. Max time remaining: 3 mins, 1 secs. Auto Shutoff: 1
5% complete. Max time remaining: 2 mins, 58 secs. Auto Shutoff: 1
5% complete. Max time remaining: 2 mins, 55 secs. Auto Shutoff: 1
7% complete. Max time remaining: 2 mins, 51 secs. Auto Shutoff: 1
7% complete. Max time remaining: 2 mins, 50 secs. Auto Shutoff: 1
9% complete. Max time remaining: 2 mins, 44 secs. Auto Shutoff: 1
10% complete. Max time remaining: 2 mins, 42 secs. Auto Shutoff: 1
11% complete. Max time remaining: 2 mins, 43 secs. Auto Shutoff: 1
11% complete. Max time remaining: 2 mins, 43 secs. Auto Shutoff: 1
13% complete. Max time remaining: 2 mins, 41 secs. Auto Shutoff: 0.994125
13% complete. Max time remaining: 2 mins, 39 secs. Auto Shutoff: 1.00042
15% complete. Max time remaining: 2 mins, 36 secs. Auto Shutoff: 1.19075
15% complete. Max time remaining: 2 mins, 35 secs. Auto Shutoff: 1.22052
17% complete. Max time remaining: 2 mins, 33 secs. Auto Shutoff: 0.441114
17% complete. Max time remaining: 2 mins, 32 secs. Auto Shutoff: 0.182776
19% complete. Max time remaining: 2 mins, 29 secs. Auto Shutoff: 0.0209823
19% complete. Max time remaining: 2 mins, 28 secs. Auto Shutoff: 0.013902
21% complete. Max time remaining: 2 mins, 25 secs. Auto Shutoff: 0.0095131
21% complete. Max time remaining: 2 mins, 24 secs. Auto Shutoff: 0.00754691
23% complete. Max time remaining: 2 mins, 20 secs. Auto Shutoff: 0.00391459
23% complete. Max time remaining: 2 mins, 19 secs. Auto Shutoff: 0.00246972
25% complete. Max time remaining: 2 mins, 17 secs. Auto Shutoff: 0.000340625
25% complete. Max time remaining: 2 mins, 15 secs. Auto Shutoff: 9.93851e-005
26% complete. Max time remaining: 2 mins, 12 secs. Auto Shutoff: 4.93601e-006
Early termination of simulation, the autoshutoff criteria are satisfied.
Completed 10184 iterations, or 5.29235e-013s of Simulation Time
Process 0 starting to collect data
    collecting monitor data
    collecting source data
Finished collecting data
Simulation completed successfully at: Thu Oct 04 22:31:49 2018
Overall wall time measurements in seconds:
    time to mesh and initialize: 2
    time to run FDTD simulation: 48
    time to finalize data and save to files: 0
    FDTD solver speed: 13.3951 Mnodes/s
    total FDTD solver speed on 4 processes: 53.5806 Mnodes/s
