MODE Solutions Version 7.12.1661 (Windows 64bit)
 expires (month/day/year): 12/16/2018
using config file: C:/Users/suman/AppData/Roaming/Lumerical/MODE Solutions.ini
license host: DESKTOP-7L2UBNR
current time: Thu Oct 04 19:20:13 2018
Running on host: DESKTOP-7L2UBNR
All processes are communicating and ready to proceed to simulation...
Running lms file: C:\Program Files\Lumerical\MODE\bin\varfdtd-engine-msmpi.exe -t 1 -remote C:/Users/suman/Downloads/try.lms
number of processors is 4
processors are distributed as: 4x1x1
Running TE Simulation
Starting meshing
Simulation size in gridpoints: 531 x 894 x 1
Refined 0 mesh cells (0%)
Completed meshing!
Meshing complete in 2.48438 seconds of CPU time
11304 11304
Starting meshing
Simulation size in gridpoints: 531 x 894 x 1
Refined 0 mesh cells (0%)
Completed meshing!
Meshing complete in 1.40625 seconds of CPU time
11000 11000
finished material properties
Selected kernel with optimization level: 0 and split-field propagation direction: 0
-----------------------------------------
Beginning initialization of TE Simulation
Starting to add sources to simulation
Adding TE Mode Source propagating in X
Starting to add boundary conditions to simulation
Adding TE PML BC
Adding TE parallel BC
Adding TE PML BC
Adding TE PML BC
Starting to add monitors to Simulation
Adding analysis monitor
Adding 3D index monitor
Finished initialization of TE Simulation
-----------------------------------------
All processes are communicating and ready to proceed to simulation...
Starting 59656 total iterations
0% complete. Max time remaining: 5 mins, 55 secs. Auto Shutoff: 1
1% complete. Max time remaining: 7 mins, 1 secs. Auto Shutoff: 1
2% complete. Max time remaining: 7 mins, 9 secs. Auto Shutoff: 1
3% complete. Max time remaining: 7 mins, 9 secs. Auto Shutoff: 1
4% complete. Max time remaining: 7 mins, 8 secs. Auto Shutoff: 1
5% complete. Max time remaining: 7 mins, 6 secs. Auto Shutoff: 1
6% complete. Max time remaining: 7 mins, 2 secs. Auto Shutoff: 0.0555171
7% complete. Max time remaining: 6 mins, 59 secs. Auto Shutoff: 0.0210584
8% complete. Max time remaining: 6 mins, 55 secs. Auto Shutoff: 0.00922231
9% complete. Max time remaining: 6 mins, 54 secs. Auto Shutoff: 0.00608603
10% complete. Max time remaining: 6 mins, 53 secs. Auto Shutoff: 0.00436685
11% complete. Max time remaining: 6 mins, 51 secs. Auto Shutoff: 0.00328932
12% complete. Max time remaining: 6 mins, 49 secs. Auto Shutoff: 0.00234597
13% complete. Max time remaining: 6 mins, 52 secs. Auto Shutoff: 0.0012795
14% complete. Max time remaining: 6 mins, 48 secs. Auto Shutoff: 0.000104675
15% complete. Max time remaining: 6 mins, 51 secs. Auto Shutoff: 9.55883e-006
Early termination of simulation, the autoshutoff criteria are satisfied.
Completed 9043 iterations, or 1.51587e-013s of Simulation Time
Process 0 starting to collect data
    collecting monitor data
Adding 3D index monitor
    collecting source data
Finished collecting data
Simulation completed successfully at: Thu Oct 04 19:21:34 2018
Overall wall time measurements in seconds:
    time to mesh and initialize: 7
    time to run FDTD simulation: 74
    time to finalize data and save to files: 0
    FDTD solver speed: 58.0113 Mnodes/s
    total FDTD solver speed on 4 processes: 232.045 Mnodes/s
