FDTD Solutions Version 8.20.1703 (Windows 64bit)
 expires (month/day/year): 12/16/2018
using config file: C:/Users/suman/AppData/Roaming/Lumerical/FDTD Solutions.ini
license host: DESKTOP-7L2UBNR
current time: Fri Oct 05 00:32:17 2018
Running on host: DESKTOP-7L2UBNR
All processes are communicating and ready to proceed to simulation...
Running fsp file: C:\Program Files\Lumerical\FDTD\bin\fdtd-engine-msmpi.exe -t 1 -remote -hide C:/Users/suman/Downloads/Ybranch_varFDTD_3DFDTD/compact_Ybranch_3DFDTD_port3_sweep/sweep_10.fsp
number of processors is 4
processors are distributed as: 2x2x1
Running 3D Simulation
Starting meshing
Simulation size in gridpoints: 183 x 100 x 48
Refined 0 mesh cells (0%)
Completed meshing!
Meshing complete in 1.34375 seconds of CPU time
0 0
Starting meshing
Simulation size in gridpoints: 183 x 100 x 48
Refined 0 mesh cells (0%)
Completed meshing!
Meshing complete in 1.5 seconds of CPU time
0 0
Starting meshing
Simulation size in gridpoints: 183 x 100 x 48
Refined 0 mesh cells (0%)
Completed meshing!
Meshing complete in 1.57813 seconds of CPU time
0 0
finished material properties
Meshing Time: 3.9144 seconds, Init Electrical Material Time: 0.154562 seconds, Init Magnetic Material Time: 0.0120274
Using selected optimization level: 2
Selecting 3d kernel for splitFieldDirection=0 and optLevel=2
-----------------------------------------
Beginning initialization of 3D Simulation
Starting to add sources to simulation
Adding 3D Mode source propagating in X
Starting to add boundary conditions to simulation
Adding 3D PML BC
Adding 3D Parallel BC
Adding 3D PML BC
Adding 3D Parallel BC
Adding 3D PML BC
Adding 3D PML BC
Starting to add monitors to Simulation
Adding analysis monitor
Adding 3D DFT monitor
Adding 3D DFT monitor
Adding 3D DFT monitor
Finished initialization of 3D Simulation
-----------------------------------------
All processes are communicating and ready to proceed to simulation...
Starting 122040 total iterations
0% complete. Max time remaining: 1 hr, 13 mins, 39 secs. Auto Shutoff: 1
1% complete. Max time remaining: 1 hr, 8 mins, 42 secs. Auto Shutoff: 0.9952
2% complete. Max time remaining: 1 hr, 8 mins, 21 secs. Auto Shutoff: 1.01308
3% complete. Max time remaining: 1 hr, 7 mins, 43 secs. Auto Shutoff: 0.0256899
4% complete. Max time remaining: 1 hr, 7 mins, 4 secs. Auto Shutoff: 0.00953384
100% complete. Max time remaining: 0 mins, 0 secs. Auto Shutoff: 6.93768e-006
Early termination of simulation, the autoshutoff criteria are satisfied.
Completed 5836 iterations, or 4.782046e-013s of Simulation Time
Process 0 starting to collect data
    collecting monitor data
    collecting source data
Finished collecting data
Simulation completed successfully at: Fri Oct 05 00:35:51 2018
Overall wall time measurements in seconds:
    time to mesh and initialize: 6
    time to run FDTD simulation: 204
    time to finalize data and save to files: 3
    FDTD solver speed: 25.1291 Mnodes/s
    total FDTD solver speed on 4 processes: 100.517 Mnodes/s
